\BOOKMARK [1][-]{section.1}{Introduction}{}% 1
\BOOKMARK [1][-]{section.2}{Modeling}{}% 2
\BOOKMARK [2][-]{subsection.2.1}{Variables}{section.2}% 3
\BOOKMARK [2][-]{subsection.2.2}{Constraints}{section.2}% 4
\BOOKMARK [3][-]{subsubsection.2.2.1}{Boundaries consistency}{subsection.2.2}% 5
\BOOKMARK [3][-]{subsubsection.2.2.2}{Non-overlapping}{subsection.2.2}% 6
\BOOKMARK [3][-]{subsubsection.2.2.3}{Symmetry breaking}{subsection.2.2}% 7
\BOOKMARK [2][-]{subsection.2.3}{Rotation}{section.2}% 8
\BOOKMARK [2][-]{subsection.2.4}{Improvements}{section.2}% 9
\BOOKMARK [1][-]{section.3}{Constraint Programming}{}% 10
\BOOKMARK [2][-]{subsection.3.1}{Variables}{section.3}% 11
\BOOKMARK [2][-]{subsection.3.2}{Constraints}{section.3}% 12
\BOOKMARK [3][-]{subsubsection.3.2.1}{Boundaries consistency}{subsection.3.2}% 13
\BOOKMARK [3][-]{subsubsection.3.2.2}{Non-overlapping}{subsection.3.2}% 14
\BOOKMARK [3][-]{subsubsection.3.2.3}{Cumulative}{subsection.3.2}% 15
\BOOKMARK [3][-]{subsubsection.3.2.4}{Symmetry breaking}{subsection.3.2}% 16
\BOOKMARK [2][-]{subsection.3.3}{Rotation}{section.3}% 17
\BOOKMARK [2][-]{subsection.3.4}{Search and Restart}{section.3}% 18
\BOOKMARK [2][-]{subsection.3.5}{Results}{section.3}% 19
\BOOKMARK [1][-]{section.4}{Propositional Satisfiability}{}% 20
\BOOKMARK [2][-]{subsection.4.1}{Variables}{section.4}% 21
\BOOKMARK [2][-]{subsection.4.2}{Constraints}{section.4}% 22
\BOOKMARK [3][-]{subsubsection.4.2.1}{Structural}{subsection.4.2}% 23
\BOOKMARK [3][-]{subsubsection.4.2.2}{Boundaries consistency}{subsection.4.2}% 24
\BOOKMARK [3][-]{subsubsection.4.2.3}{Non-overlapping}{subsection.4.2}% 25
\BOOKMARK [3][-]{subsubsection.4.2.4}{Symmetry breaking}{subsection.4.2}% 26
\BOOKMARK [2][-]{subsection.4.3}{Rotation}{section.4}% 27
\BOOKMARK [2][-]{subsection.4.4}{Results}{section.4}% 28
\BOOKMARK [1][-]{section.5}{Satisfiability Modulo Theories}{}% 29
\BOOKMARK [2][-]{subsection.5.1}{Variables}{section.5}% 30
\BOOKMARK [2][-]{subsection.5.2}{Constraints}{section.5}% 31
\BOOKMARK [3][-]{subsubsection.5.2.1}{Boundaries consistency and domain reduction}{subsection.5.2}% 32
\BOOKMARK [3][-]{subsubsection.5.2.2}{Non-overlapping}{subsection.5.2}% 33
\BOOKMARK [3][-]{subsubsection.5.2.3}{Symmetry breaking}{subsection.5.2}% 34
\BOOKMARK [2][-]{subsection.5.3}{Rotation}{section.5}% 35
\BOOKMARK [2][-]{subsection.5.4}{Results}{section.5}% 36
\BOOKMARK [1][-]{section.6}{Results}{}% 37
\BOOKMARK [2][-]{subsection.6.1}{Normal}{section.6}% 38
\BOOKMARK [2][-]{subsection.6.2}{Rotated}{section.6}% 39
